{"C:\\Users\\alvar\\OneDrive\\Escritorio\\exchange-web-main\\src\\exchange.fixture.js": {"path":"C:\\Users\\alvar\\OneDrive\\Escritorio\\exchange-web-main\\src\\exchange.fixture.js","statementMap":{},"fnMap":{},"branchMap":{},"s":{},"f":{},"b":{},"_coverageSchema":"1a1c01bbd47fc00a2c39e90264f33305004495a9","hash":"51d3301610653bef224e4f7094f545c53f021950"}
,"C:\\Users\\alvar\\OneDrive\\Escritorio\\exchange-web-main\\src\\index.js": {"path":"C:\\Users\\alvar\\OneDrive\\Escritorio\\exchange-web-main\\src\\index.js","statementMap":{"0":{"start":{"line":4,"column":0},"end":{"line":4,"column":7}}},"fnMap":{},"branchMap":{},"s":{"0":1},"f":{},"b":{},"_coverageSchema":"1a1c01bbd47fc00a2c39e90264f33305004495a9","hash":"c0f47aba6d8ee7bcbbef2c3f9912c3e827c621d1"}
,"C:\\Users\\alvar\\OneDrive\\Escritorio\\exchange-web-main\\src\\web.js": {"path":"C:\\Users\\alvar\\OneDrive\\Escritorio\\exchange-web-main\\src\\web.js","statementMap":{"0":{"start":{"line":9,"column":28},"end":{"line":9,"column":49}},"1":{"start":{"line":10,"column":23},"end":{"line":10,"column":53}},"2":{"start":{"line":11,"column":4},"end":{"line":11,"column":31}},"3":{"start":{"line":13,"column":4},"end":{"line":13,"column":32}},"4":{"start":{"line":14,"column":4},"end":{"line":14,"column":32}}},"fnMap":{"0":{"name":"init","decl":{"start":{"line":7,"column":30},"end":{"line":7,"column":34}},"loc":{"start":{"line":7,"column":36},"end":{"line":16,"column":1}},"line":7}},"branchMap":{},"s":{"0":1,"1":1,"2":0,"3":0,"4":0},"f":{"0":1},"b":{},"_coverageSchema":"1a1c01bbd47fc00a2c39e90264f33305004495a9","hash":"1c63febb225e33d8584256204243f0293687e2c9"}
,"C:\\Users\\alvar\\OneDrive\\Escritorio\\exchange-web-main\\src\\api\\api.js": {"path":"C:\\Users\\alvar\\OneDrive\\Escritorio\\exchange-web-main\\src\\api\\api.js","statementMap":{"0":{"start":{"line":3,"column":4},"end":{"line":5,"column":5}},"1":{"start":{"line":4,"column":8},"end":{"line":4,"column":24}},"2":{"start":{"line":7,"column":16},"end":{"line":7,"column":66}},"3":{"start":{"line":9,"column":4},"end":{"line":9,"column":21}},"4":{"start":{"line":10,"column":4},"end":{"line":15,"column":5}},"5":{"start":{"line":11,"column":25},"end":{"line":11,"column":41}},"6":{"start":{"line":12,"column":8},"end":{"line":12,"column":37}},"7":{"start":{"line":14,"column":8},"end":{"line":14,"column":35}},"8":{"start":{"line":19,"column":16},"end":{"line":19,"column":56}},"9":{"start":{"line":21,"column":4},"end":{"line":26,"column":5}},"10":{"start":{"line":22,"column":25},"end":{"line":22,"column":41}},"11":{"start":{"line":23,"column":8},"end":{"line":23,"column":37}},"12":{"start":{"line":25,"column":8},"end":{"line":25,"column":35}}},"fnMap":{"0":{"name":"getBaseResults","decl":{"start":{"line":2,"column":22},"end":{"line":2,"column":36}},"loc":{"start":{"line":2,"column":67},"end":{"line":16,"column":1}},"line":2},"1":{"name":"getCurrencies","decl":{"start":{"line":18,"column":22},"end":{"line":18,"column":35}},"loc":{"start":{"line":18,"column":37},"end":{"line":27,"column":1}},"line":18}},"branchMap":{"0":{"loc":{"start":{"line":2,"column":37},"end":{"line":2,"column":52}},"type":"default-arg","locations":[{"start":{"line":2,"column":44},"end":{"line":2,"column":52}}],"line":2},"1":{"loc":{"start":{"line":2,"column":54},"end":{"line":2,"column":66}},"type":"default-arg","locations":[{"start":{"line":2,"column":61},"end":{"line":2,"column":66}}],"line":2},"2":{"loc":{"start":{"line":3,"column":4},"end":{"line":5,"column":5}},"type":"if","locations":[{"start":{"line":3,"column":4},"end":{"line":5,"column":5}},{"start":{},"end":{}}],"line":3}},"s":{"0":2,"1":1,"2":2,"3":2,"4":2,"5":2,"6":1,"7":1,"8":2,"9":2,"10":2,"11":2,"12":2},"f":{"0":2,"1":2},"b":{"0":[0],"1":[0],"2":[1,1]},"_coverageSchema":"1a1c01bbd47fc00a2c39e90264f33305004495a9","hash":"00c8a5a649439c09f46cd3becca389fbe85fa1c5"}
,"C:\\Users\\alvar\\OneDrive\\Escritorio\\exchange-web-main\\src\\conversor\\conversor.js": {"path":"C:\\Users\\alvar\\OneDrive\\Escritorio\\exchange-web-main\\src\\conversor\\conversor.js","statementMap":{"0":{"start":{"line":7,"column":29},"end":{"line":7,"column":72}},"1":{"start":{"line":9,"column":4},"end":{"line":13,"column":6}},"2":{"start":{"line":10,"column":8},"end":{"line":10,"column":37}},"3":{"start":{"line":11,"column":8},"end":{"line":11,"column":34}},"4":{"start":{"line":12,"column":8},"end":{"line":12,"column":35}},"5":{"start":{"line":17,"column":36},"end":{"line":17,"column":87}},"6":{"start":{"line":18,"column":33},"end":{"line":18,"column":81}},"7":{"start":{"line":19,"column":25},"end":{"line":19,"column":64}},"8":{"start":{"line":21,"column":4},"end":{"line":23,"column":6}},"9":{"start":{"line":22,"column":8},"end":{"line":22,"column":34}},"10":{"start":{"line":24,"column":4},"end":{"line":26,"column":6}},"11":{"start":{"line":25,"column":8},"end":{"line":25,"column":28}},"12":{"start":{"line":27,"column":4},"end":{"line":29,"column":6}},"13":{"start":{"line":28,"column":8},"end":{"line":28,"column":18}},"14":{"start":{"line":32,"column":26},"end":{"line":32,"column":158}},"15":{"start":{"line":33,"column":24},"end":{"line":33,"column":152}},"16":{"start":{"line":34,"column":23},"end":{"line":34,"column":68}},"17":{"start":{"line":36,"column":4},"end":{"line":46,"column":5}},"18":{"start":{"line":37,"column":27},"end":{"line":37,"column":73}},"19":{"start":{"line":38,"column":25},"end":{"line":38,"column":49}},"20":{"start":{"line":39,"column":23},"end":{"line":39,"column":91}},"21":{"start":{"line":41,"column":8},"end":{"line":41,"column":70}},"22":{"start":{"line":42,"column":8},"end":{"line":42,"column":41}},"23":{"start":{"line":44,"column":8},"end":{"line":44,"column":41}},"24":{"start":{"line":49,"column":4},"end":{"line":49,"column":131}},"25":{"start":{"line":52,"column":4},"end":{"line":52,"column":47}},"26":{"start":{"line":53,"column":4},"end":{"line":53,"column":72}},"27":{"start":{"line":54,"column":4},"end":{"line":54,"column":72}},"28":{"start":{"line":55,"column":4},"end":{"line":55,"column":62}},"29":{"start":{"line":56,"column":4},"end":{"line":56,"column":37}}},"fnMap":{"0":{"name":"handleConvesorButtonClick","decl":{"start":{"line":6,"column":16},"end":{"line":6,"column":41}},"loc":{"start":{"line":6,"column":43},"end":{"line":14,"column":1}},"line":6},"1":{"name":"(anonymous_1)","decl":{"start":{"line":9,"column":31},"end":{"line":9,"column":32}},"loc":{"start":{"line":9,"column":35},"end":{"line":13,"column":5}},"line":9},"2":{"name":"handleConversorSelection","decl":{"start":{"line":16,"column":9},"end":{"line":16,"column":33}},"loc":{"start":{"line":16,"column":35},"end":{"line":30,"column":1}},"line":16},"3":{"name":"(anonymous_3)","decl":{"start":{"line":21,"column":38},"end":{"line":21,"column":39}},"loc":{"start":{"line":21,"column":50},"end":{"line":23,"column":5}},"line":21},"4":{"name":"(anonymous_4)","decl":{"start":{"line":24,"column":27},"end":{"line":24,"column":28}},"loc":{"start":{"line":24,"column":33},"end":{"line":26,"column":5}},"line":24},"5":{"name":"(anonymous_5)","decl":{"start":{"line":27,"column":35},"end":{"line":27,"column":36}},"loc":{"start":{"line":27,"column":41},"end":{"line":29,"column":5}},"line":27},"6":{"name":"handleConfirmConversion","decl":{"start":{"line":31,"column":15},"end":{"line":31,"column":38}},"loc":{"start":{"line":31,"column":40},"end":{"line":47,"column":1}},"line":31},"7":{"name":"setConversion","decl":{"start":{"line":48,"column":9},"end":{"line":48,"column":22}},"loc":{"start":{"line":48,"column":67},"end":{"line":50,"column":1}},"line":48},"8":{"name":"clearConversorHud","decl":{"start":{"line":51,"column":16},"end":{"line":51,"column":33}},"loc":{"start":{"line":51,"column":35},"end":{"line":59,"column":1}},"line":51}},"branchMap":{"0":{"loc":{"start":{"line":36,"column":4},"end":{"line":46,"column":5}},"type":"if","locations":[{"start":{"line":36,"column":4},"end":{"line":46,"column":5}},{"start":{"line":43,"column":9},"end":{"line":46,"column":5}}],"line":36}},"s":{"0":1,"1":1,"2":1,"3":1,"4":1,"5":1,"6":1,"7":1,"8":1,"9":2,"10":1,"11":1,"12":1,"13":1,"14":2,"15":2,"16":2,"17":2,"18":1,"19":1,"20":1,"21":1,"22":1,"23":1,"24":1,"25":2,"26":2,"27":2,"28":2,"29":2},"f":{"0":1,"1":1,"2":1,"3":2,"4":1,"5":1,"6":2,"7":1,"8":2},"b":{"0":[1,1]},"_coverageSchema":"1a1c01bbd47fc00a2c39e90264f33305004495a9","hash":"df9d90471e70226b002f6147e9d59156588d3e9b"}
,"C:\\Users\\alvar\\OneDrive\\Escritorio\\exchange-web-main\\src\\entitites\\Currencies.js": {"path":"C:\\Users\\alvar\\OneDrive\\Escritorio\\exchange-web-main\\src\\entitites\\Currencies.js","statementMap":{"0":{"start":{"line":4,"column":8},"end":{"line":4,"column":43}},"1":{"start":{"line":5,"column":8},"end":{"line":5,"column":41}}},"fnMap":{"0":{"name":"(anonymous_0)","decl":{"start":{"line":3,"column":4},"end":{"line":3,"column":5}},"loc":{"start":{"line":3,"column":21},"end":{"line":6,"column":5}},"line":3}},"branchMap":{},"s":{"0":1,"1":0},"f":{"0":1},"b":{},"_coverageSchema":"1a1c01bbd47fc00a2c39e90264f33305004495a9","hash":"c82154d5df8066f208d157306cd0b32dd116a221"}
,"C:\\Users\\alvar\\OneDrive\\Escritorio\\exchange-web-main\\src\\entitites\\Currency.js": {"path":"C:\\Users\\alvar\\OneDrive\\Escritorio\\exchange-web-main\\src\\entitites\\Currency.js","statementMap":{"0":{"start":{"line":5,"column":8},"end":{"line":5,"column":30}},"1":{"start":{"line":6,"column":8},"end":{"line":6,"column":34}},"2":{"start":{"line":7,"column":8},"end":{"line":7,"column":30}},"3":{"start":{"line":8,"column":8},"end":{"line":8,"column":32}},"4":{"start":{"line":16,"column":8},"end":{"line":16,"column":26}},"5":{"start":{"line":17,"column":8},"end":{"line":21,"column":9}},"6":{"start":{"line":18,"column":12},"end":{"line":18,"column":45}},"7":{"start":{"line":20,"column":12},"end":{"line":20,"column":72}},"8":{"start":{"line":23,"column":8},"end":{"line":23,"column":22}}},"fnMap":{"0":{"name":"(anonymous_0)","decl":{"start":{"line":4,"column":4},"end":{"line":4,"column":5}},"loc":{"start":{"line":4,"column":21},"end":{"line":10,"column":5}},"line":4},"1":{"name":"(anonymous_1)","decl":{"start":{"line":12,"column":4},"end":{"line":12,"column":5}},"loc":{"start":{"line":12,"column":61},"end":{"line":24,"column":5}},"line":12}},"branchMap":{"0":{"loc":{"start":{"line":17,"column":8},"end":{"line":21,"column":9}},"type":"if","locations":[{"start":{"line":17,"column":8},"end":{"line":21,"column":9}},{"start":{"line":19,"column":13},"end":{"line":21,"column":9}}],"line":17}},"s":{"0":0,"1":0,"2":0,"3":0,"4":0,"5":0,"6":0,"7":0,"8":0},"f":{"0":0,"1":0},"b":{"0":[0,0]},"_coverageSchema":"1a1c01bbd47fc00a2c39e90264f33305004495a9","hash":"e63f90cb7413cdf25ad9a91d15e0a72b701f84ed"}
,"C:\\Users\\alvar\\OneDrive\\Escritorio\\exchange-web-main\\src\\rate-list\\rate-list.js": {"path":"C:\\Users\\alvar\\OneDrive\\Escritorio\\exchange-web-main\\src\\rate-list\\rate-list.js","statementMap":{"0":{"start":{"line":7,"column":24},"end":{"line":7,"column":62}},"1":{"start":{"line":10,"column":4},"end":{"line":15,"column":6}},"2":{"start":{"line":11,"column":8},"end":{"line":11,"column":37}},"3":{"start":{"line":12,"column":8},"end":{"line":12,"column":34}},"4":{"start":{"line":13,"column":8},"end":{"line":13,"column":34}},"5":{"start":{"line":19,"column":27},"end":{"line":19,"column":73}},"6":{"start":{"line":20,"column":28},"end":{"line":20,"column":71}},"7":{"start":{"line":23,"column":4},"end":{"line":38,"column":6}},"8":{"start":{"line":24,"column":21},"end":{"line":24,"column":63}},"9":{"start":{"line":25,"column":21},"end":{"line":25,"column":147}},"10":{"start":{"line":28,"column":8},"end":{"line":36,"column":9}},"11":{"start":{"line":29,"column":26},"end":{"line":29,"column":58}},"12":{"start":{"line":30,"column":29},"end":{"line":30,"column":47}},"13":{"start":{"line":31,"column":12},"end":{"line":31,"column":34}},"14":{"start":{"line":33,"column":12},"end":{"line":33,"column":46}},"15":{"start":{"line":35,"column":12},"end":{"line":35,"column":46}},"16":{"start":{"line":40,"column":4},"end":{"line":42,"column":6}},"17":{"start":{"line":41,"column":8},"end":{"line":41,"column":18}},"18":{"start":{"line":48,"column":4},"end":{"line":48,"column":20}},"19":{"start":{"line":50,"column":29},"end":{"line":50,"column":73}},"20":{"start":{"line":51,"column":18},"end":{"line":51,"column":46}},"21":{"start":{"line":52,"column":4},"end":{"line":52,"column":31}},"22":{"start":{"line":54,"column":4},"end":{"line":54,"column":86}},"23":{"start":{"line":56,"column":4},"end":{"line":56,"column":40}},"24":{"start":{"line":58,"column":4},"end":{"line":58,"column":49}},"25":{"start":{"line":60,"column":4},"end":{"line":65,"column":6}},"26":{"start":{"line":61,"column":8},"end":{"line":61,"column":36}},"27":{"start":{"line":62,"column":23},"end":{"line":62,"column":51}},"28":{"start":{"line":63,"column":8},"end":{"line":63,"column":95}},"29":{"start":{"line":64,"column":8},"end":{"line":64,"column":45}},"30":{"start":{"line":69,"column":29},"end":{"line":69,"column":73}},"31":{"start":{"line":73,"column":4},"end":{"line":78,"column":5}},"32":{"start":{"line":75,"column":8},"end":{"line":77,"column":9}},"33":{"start":{"line":76,"column":12},"end":{"line":76,"column":69}},"34":{"start":{"line":82,"column":4},"end":{"line":82,"column":60}},"35":{"start":{"line":83,"column":4},"end":{"line":83,"column":67}},"36":{"start":{"line":84,"column":4},"end":{"line":84,"column":52}},"37":{"start":{"line":86,"column":4},"end":{"line":86,"column":73}},"38":{"start":{"line":87,"column":4},"end":{"line":87,"column":66}}},"fnMap":{"0":{"name":"handleRateListButtonClick","decl":{"start":{"line":6,"column":16},"end":{"line":6,"column":41}},"loc":{"start":{"line":6,"column":43},"end":{"line":17,"column":1}},"line":6},"1":{"name":"(anonymous_1)","decl":{"start":{"line":10,"column":26},"end":{"line":10,"column":27}},"loc":{"start":{"line":10,"column":32},"end":{"line":15,"column":5}},"line":10},"2":{"name":"handleRateListSelection","decl":{"start":{"line":18,"column":9},"end":{"line":18,"column":32}},"loc":{"start":{"line":18,"column":34},"end":{"line":45,"column":1}},"line":18},"3":{"name":"(anonymous_3)","decl":{"start":{"line":23,"column":29},"end":{"line":23,"column":30}},"loc":{"start":{"line":23,"column":41},"end":{"line":38,"column":5}},"line":23},"4":{"name":"(anonymous_4)","decl":{"start":{"line":40,"column":30},"end":{"line":40,"column":31}},"loc":{"start":{"line":40,"column":36},"end":{"line":42,"column":5}},"line":40},"5":{"name":"setRateList","decl":{"start":{"line":46,"column":9},"end":{"line":46,"column":20}},"loc":{"start":{"line":46,"column":34},"end":{"line":67,"column":1}},"line":46},"6":{"name":"(anonymous_6)","decl":{"start":{"line":60,"column":44},"end":{"line":60,"column":45}},"loc":{"start":{"line":60,"column":57},"end":{"line":65,"column":5}},"line":60},"7":{"name":"clearRateList","decl":{"start":{"line":68,"column":9},"end":{"line":68,"column":22}},"loc":{"start":{"line":68,"column":24},"end":{"line":80,"column":1}},"line":68},"8":{"name":"clearRateListHud","decl":{"start":{"line":81,"column":16},"end":{"line":81,"column":32}},"loc":{"start":{"line":81,"column":34},"end":{"line":88,"column":1}},"line":81}},"branchMap":{"0":{"loc":{"start":{"line":28,"column":8},"end":{"line":36,"column":9}},"type":"if","locations":[{"start":{"line":28,"column":8},"end":{"line":36,"column":9}},{"start":{"line":34,"column":13},"end":{"line":36,"column":9}}],"line":28},"1":{"loc":{"start":{"line":73,"column":4},"end":{"line":78,"column":5}},"type":"if","locations":[{"start":{"line":73,"column":4},"end":{"line":78,"column":5}},{"start":{},"end":{}}],"line":73}},"s":{"0":0,"1":0,"2":0,"3":0,"4":0,"5":0,"6":0,"7":0,"8":0,"9":0,"10":0,"11":0,"12":0,"13":0,"14":0,"15":0,"16":0,"17":0,"18":0,"19":0,"20":0,"21":0,"22":0,"23":0,"24":0,"25":0,"26":0,"27":0,"28":0,"29":0,"30":0,"31":0,"32":0,"33":0,"34":1,"35":1,"36":1,"37":1,"38":1},"f":{"0":0,"1":0,"2":0,"3":0,"4":0,"5":0,"6":0,"7":0,"8":1},"b":{"0":[0,0],"1":[0,0]},"_coverageSchema":"1a1c01bbd47fc00a2c39e90264f33305004495a9","hash":"f6bb1f05230a230a70b1d58014a9cb8e819fbac9"}
,"C:\\Users\\alvar\\OneDrive\\Escritorio\\exchange-web-main\\src\\ui\\ui.js": {"path":"C:\\Users\\alvar\\OneDrive\\Escritorio\\exchange-web-main\\src\\ui\\ui.js","statementMap":{"0":{"start":{"line":6,"column":23},"end":{"line":6,"column":58}},"1":{"start":{"line":8,"column":4},"end":{"line":13,"column":7}},"2":{"start":{"line":9,"column":26},"end":{"line":9,"column":58}},"3":{"start":{"line":10,"column":8},"end":{"line":10,"column":93}},"4":{"start":{"line":12,"column":8},"end":{"line":12,"column":45}},"5":{"start":{"line":15,"column":4},"end":{"line":15,"column":54}},"6":{"start":{"line":16,"column":4},"end":{"line":16,"column":54}},"7":{"start":{"line":21,"column":4},"end":{"line":21,"column":30}},"8":{"start":{"line":22,"column":4},"end":{"line":22,"column":30}},"9":{"start":{"line":23,"column":4},"end":{"line":23,"column":24}},"10":{"start":{"line":24,"column":4},"end":{"line":24,"column":23}},"11":{"start":{"line":25,"column":4},"end":{"line":25,"column":33}},"12":{"start":{"line":30,"column":4},"end":{"line":30,"column":64}},"13":{"start":{"line":33,"column":4},"end":{"line":33,"column":59}},"14":{"start":{"line":38,"column":4},"end":{"line":38,"column":67}},"15":{"start":{"line":41,"column":4},"end":{"line":41,"column":62}},"16":{"start":{"line":45,"column":4},"end":{"line":45,"column":69}},"17":{"start":{"line":48,"column":4},"end":{"line":48,"column":72}}},"fnMap":{"0":{"name":"setBaseOptions","decl":{"start":{"line":5,"column":22},"end":{"line":5,"column":36}},"loc":{"start":{"line":5,"column":48},"end":{"line":18,"column":1}},"line":5},"1":{"name":"(anonymous_1)","decl":{"start":{"line":8,"column":33},"end":{"line":8,"column":34}},"loc":{"start":{"line":8,"column":54},"end":{"line":13,"column":5}},"line":8},"2":{"name":"uiReset","decl":{"start":{"line":19,"column":16},"end":{"line":19,"column":23}},"loc":{"start":{"line":19,"column":25},"end":{"line":27,"column":1}},"line":19},"3":{"name":"showDateError","decl":{"start":{"line":29,"column":16},"end":{"line":29,"column":29}},"loc":{"start":{"line":29,"column":31},"end":{"line":31,"column":1}},"line":29},"4":{"name":"showInputError","decl":{"start":{"line":32,"column":16},"end":{"line":32,"column":30}},"loc":{"start":{"line":32,"column":32},"end":{"line":35,"column":1}},"line":32},"5":{"name":"removeDateError","decl":{"start":{"line":37,"column":16},"end":{"line":37,"column":31}},"loc":{"start":{"line":37,"column":33},"end":{"line":39,"column":1}},"line":37},"6":{"name":"removeInputError","decl":{"start":{"line":40,"column":16},"end":{"line":40,"column":32}},"loc":{"start":{"line":40,"column":34},"end":{"line":42,"column":1}},"line":40},"7":{"name":"hideElement","decl":{"start":{"line":44,"column":16},"end":{"line":44,"column":27}},"loc":{"start":{"line":44,"column":40},"end":{"line":46,"column":1}},"line":44},"8":{"name":"showElement","decl":{"start":{"line":47,"column":16},"end":{"line":47,"column":27}},"loc":{"start":{"line":47,"column":40},"end":{"line":49,"column":1}},"line":47}},"branchMap":{},"s":{"0":0,"1":0,"2":0,"3":0,"4":0,"5":0,"6":0,"7":1,"8":1,"9":1,"10":1,"11":1,"12":0,"13":1,"14":0,"15":1,"16":7,"17":4},"f":{"0":0,"1":0,"2":1,"3":0,"4":1,"5":0,"6":1,"7":7,"8":4},"b":{},"_coverageSchema":"1a1c01bbd47fc00a2c39e90264f33305004495a9","hash":"4c6041a9660da0b36120056315fef9e7b35fdc42"}
,"C:\\Users\\alvar\\OneDrive\\Escritorio\\exchange-web-main\\src\\validation\\validation.js": {"path":"C:\\Users\\alvar\\OneDrive\\Escritorio\\exchange-web-main\\src\\validation\\validation.js","statementMap":{"0":{"start":{"line":4,"column":23},"end":{"line":4,"column":47}},"1":{"start":{"line":5,"column":4},"end":{"line":5,"column":27}},"2":{"start":{"line":9,"column":4},"end":{"line":19,"column":5}},"3":{"start":{"line":10,"column":8},"end":{"line":10,"column":26}},"4":{"start":{"line":11,"column":8},"end":{"line":11,"column":34}},"5":{"start":{"line":14,"column":8},"end":{"line":14,"column":20}},"6":{"start":{"line":16,"column":8},"end":{"line":16,"column":24}},"7":{"start":{"line":17,"column":8},"end":{"line":17,"column":35}},"8":{"start":{"line":18,"column":8},"end":{"line":18,"column":21}},"9":{"start":{"line":23,"column":4},"end":{"line":32,"column":5}},"10":{"start":{"line":24,"column":8},"end":{"line":24,"column":26}},"11":{"start":{"line":25,"column":8},"end":{"line":25,"column":40}},"12":{"start":{"line":26,"column":8},"end":{"line":26,"column":20}},"13":{"start":{"line":28,"column":8},"end":{"line":28,"column":25}},"14":{"start":{"line":29,"column":8},"end":{"line":29,"column":40}},"15":{"start":{"line":31,"column":8},"end":{"line":31,"column":21}}},"fnMap":{"0":{"name":"validateDate","decl":{"start":{"line":3,"column":16},"end":{"line":3,"column":28}},"loc":{"start":{"line":3,"column":34},"end":{"line":20,"column":1}},"line":3},"1":{"name":"validateConversorInput","decl":{"start":{"line":22,"column":16},"end":{"line":22,"column":38}},"loc":{"start":{"line":22,"column":45},"end":{"line":33,"column":1}},"line":22}},"branchMap":{"0":{"loc":{"start":{"line":9,"column":4},"end":{"line":19,"column":5}},"type":"if","locations":[{"start":{"line":9,"column":4},"end":{"line":19,"column":5}},{"start":{"line":15,"column":9},"end":{"line":19,"column":5}}],"line":9},"1":{"loc":{"start":{"line":9,"column":7},"end":{"line":9,"column":68}},"type":"binary-expr","locations":[{"start":{"line":9,"column":7},"end":{"line":9,"column":28}},{"start":{"line":9,"column":32},"end":{"line":9,"column":47}},{"start":{"line":9,"column":51},"end":{"line":9,"column":68}}],"line":9},"2":{"loc":{"start":{"line":23,"column":4},"end":{"line":32,"column":5}},"type":"if","locations":[{"start":{"line":23,"column":4},"end":{"line":32,"column":5}},{"start":{"line":27,"column":9},"end":{"line":32,"column":5}}],"line":23}},"s":{"0":0,"1":0,"2":0,"3":0,"4":0,"5":0,"6":0,"7":0,"8":0,"9":2,"10":1,"11":1,"12":1,"13":1,"14":1,"15":1},"f":{"0":0,"1":2},"b":{"0":[0,0],"1":[0,0,0],"2":[1,1]},"_coverageSchema":"1a1c01bbd47fc00a2c39e90264f33305004495a9","hash":"0b77607350b1bf071dd382fa96c211610d431696"}
}
