TN:
SF:src\exchange.fixture.js
FNF:0
FNH:0
LF:0
LH:0
BRF:0
BRH:0
end_of_record
TN:
SF:src\index.js
FNF:0
FNH:0
DA:4,1
LF:1
LH:1
BRF:0
BRH:0
end_of_record
TN:
SF:src\web.js
FN:7,init
FNF:1
FNH:1
FNDA:1,init
DA:9,1
DA:10,1
DA:11,0
DA:13,0
DA:14,0
LF:5
LH:2
BRF:0
BRH:0
end_of_record
TN:
SF:src\api\api.js
FN:2,getBaseResults
FN:18,getCurrencies
FNF:2
FNH:2
FNDA:2,getBaseResults
FNDA:2,getCurrencies
DA:3,2
DA:4,1
DA:7,2
DA:9,2
DA:10,2
DA:11,2
DA:12,1
DA:14,1
DA:19,2
DA:21,2
DA:22,2
DA:23,2
DA:25,2
LF:13
LH:13
BRDA:2,0,0,0
BRDA:2,1,0,0
BRDA:3,2,0,1
BRDA:3,2,1,1
BRF:4
BRH:2
end_of_record
TN:
SF:src\conversor\conversor.js
FN:6,handleConvesorButtonClick
FN:9,(anonymous_1)
FN:16,handleConversorSelection
FN:21,(anonymous_3)
FN:24,(anonymous_4)
FN:27,(anonymous_5)
FN:31,handleConfirmConversion
FN:48,setConversion
FN:51,clearConversorHud
FNF:9
FNH:9
FNDA:1,handleConvesorButtonClick
FNDA:1,(anonymous_1)
FNDA:1,handleConversorSelection
FNDA:2,(anonymous_3)
FNDA:1,(anonymous_4)
FNDA:1,(anonymous_5)
FNDA:2,handleConfirmConversion
FNDA:1,setConversion
FNDA:2,clearConversorHud
DA:7,1
DA:9,1
DA:10,1
DA:11,1
DA:12,1
DA:17,1
DA:18,1
DA:19,1
DA:21,1
DA:22,2
DA:24,1
DA:25,1
DA:27,1
DA:28,1
DA:32,2
DA:33,2
DA:34,2
DA:36,2
DA:37,1
DA:38,1
DA:39,1
DA:41,1
DA:42,1
DA:44,1
DA:49,1
DA:52,2
DA:53,2
DA:54,2
DA:55,2
DA:56,2
LF:30
LH:30
BRDA:36,0,0,1
BRDA:36,0,1,1
BRF:2
BRH:2
end_of_record
TN:
SF:src\entitites\Currencies.js
FN:3,(anonymous_0)
FNF:1
FNH:1
FNDA:1,(anonymous_0)
DA:4,1
DA:5,0
LF:2
LH:1
BRF:0
BRH:0
end_of_record
TN:
SF:src\entitites\Currency.js
FN:4,(anonymous_0)
FN:12,(anonymous_1)
FNF:2
FNH:0
FNDA:0,(anonymous_0)
FNDA:0,(anonymous_1)
DA:5,0
DA:6,0
DA:7,0
DA:8,0
DA:16,0
DA:17,0
DA:18,0
DA:20,0
DA:23,0
LF:9
LH:0
BRDA:17,0,0,0
BRDA:17,0,1,0
BRF:2
BRH:0
end_of_record
TN:
SF:src\rate-list\rate-list.js
FN:6,handleRateListButtonClick
FN:10,(anonymous_1)
FN:18,handleRateListSelection
FN:23,(anonymous_3)
FN:40,(anonymous_4)
FN:46,setRateList
FN:60,(anonymous_6)
FN:68,clearRateList
FN:81,clearRateListHud
FNF:9
FNH:1
FNDA:0,handleRateListButtonClick
FNDA:0,(anonymous_1)
FNDA:0,handleRateListSelection
FNDA:0,(anonymous_3)
FNDA:0,(anonymous_4)
FNDA:0,setRateList
FNDA:0,(anonymous_6)
FNDA:0,clearRateList
FNDA:1,clearRateListHud
DA:7,0
DA:10,0
DA:11,0
DA:12,0
DA:13,0
DA:19,0
DA:20,0
DA:23,0
DA:24,0
DA:25,0
DA:28,0
DA:29,0
DA:30,0
DA:31,0
DA:33,0
DA:35,0
DA:40,0
DA:41,0
DA:48,0
DA:50,0
DA:51,0
DA:52,0
DA:54,0
DA:56,0
DA:58,0
DA:60,0
DA:61,0
DA:62,0
DA:63,0
DA:64,0
DA:69,0
DA:73,0
DA:75,0
DA:76,0
DA:82,1
DA:83,1
DA:84,1
DA:86,1
DA:87,1
LF:39
LH:5
BRDA:28,0,0,0
BRDA:28,0,1,0
BRDA:73,1,0,0
BRDA:73,1,1,0
BRF:4
BRH:0
end_of_record
TN:
SF:src\ui\ui.js
FN:5,setBaseOptions
FN:8,(anonymous_1)
FN:19,uiReset
FN:29,showDateError
FN:32,showInputError
FN:37,removeDateError
FN:40,removeInputError
FN:44,hideElement
FN:47,showElement
FNF:9
FNH:5
FNDA:0,setBaseOptions
FNDA:0,(anonymous_1)
FNDA:1,uiReset
FNDA:0,showDateError
FNDA:1,showInputError
FNDA:0,removeDateError
FNDA:1,removeInputError
FNDA:7,hideElement
FNDA:4,showElement
DA:6,0
DA:8,0
DA:9,0
DA:10,0
DA:12,0
DA:15,0
DA:16,0
DA:21,1
DA:22,1
DA:23,1
DA:24,1
DA:25,1
DA:30,0
DA:33,1
DA:38,0
DA:41,1
DA:45,7
DA:48,4
LF:18
LH:9
BRF:0
BRH:0
end_of_record
TN:
SF:src\validation\validation.js
FN:3,validateDate
FN:22,validateConversorInput
FNF:2
FNH:1
FNDA:0,validateDate
FNDA:2,validateConversorInput
DA:4,0
DA:5,0
DA:9,0
DA:10,0
DA:11,0
DA:14,0
DA:16,0
DA:17,0
DA:18,0
DA:23,2
DA:24,1
DA:25,1
DA:26,1
DA:28,1
DA:29,1
DA:31,1
LF:16
LH:7
BRDA:9,0,0,0
BRDA:9,0,1,0
BRDA:9,1,0,0
BRDA:9,1,1,0
BRDA:9,1,2,0
BRDA:23,2,0,1
BRDA:23,2,1,1
BRF:7
BRH:2
end_of_record
